Start testing: Sep 22 12:13 EDT
----------------------------------------------------------
1/7 Testing: VelocityVector Constructors: from_cartesian_components
1/7 Test: VelocityVector Constructors: from_cartesian_components
Command: "/home/twobraincellz/Solar-Car/training-release/minisim/build/Aerobody/aerobody_tests" "VelocityVector Constructors: from_cartesian_components"
Directory: /home/twobraincellz/Solar-Car/training-release/minisim/build/Aerobody
"VelocityVector Constructors: from_cartesian_components" start time: Sep 22 12:13 EDT
Output:
----------------------------------------------------------
Filters: "VelocityVector Constructors: from_cartesian_components"
Randomness seeded to: 1713862300
===============================================================================
All tests passed (44 assertions in 1 test case)

<end of output>
Test time =   0.00 sec
----------------------------------------------------------
Test Passed.
"VelocityVector Constructors: from_cartesian_components" end time: Sep 22 12:13 EDT
"VelocityVector Constructors: from_cartesian_components" time elapsed: 00:00:00
----------------------------------------------------------

2/7 Testing: VelocityVector Constructors: from_polar_components
2/7 Test: VelocityVector Constructors: from_polar_components
Command: "/home/twobraincellz/Solar-Car/training-release/minisim/build/Aerobody/aerobody_tests" "VelocityVector Constructors: from_polar_components"
Directory: /home/twobraincellz/Solar-Car/training-release/minisim/build/Aerobody
"VelocityVector Constructors: from_polar_components" start time: Sep 22 12:13 EDT
Output:
----------------------------------------------------------
Filters: "VelocityVector Constructors: from_polar_components"
Randomness seeded to: 867537099
===============================================================================
All tests passed (44 assertions in 1 test case)

<end of output>
Test time =   0.00 sec
----------------------------------------------------------
Test Passed.
"VelocityVector Constructors: from_polar_components" end time: Sep 22 12:13 EDT
"VelocityVector Constructors: from_polar_components" time elapsed: 00:00:00
----------------------------------------------------------

3/7 Testing: VelocityVector Utilities: get_magnitude
3/7 Test: VelocityVector Utilities: get_magnitude
Command: "/home/twobraincellz/Solar-Car/training-release/minisim/build/Aerobody/aerobody_tests" "VelocityVector Utilities: get_magnitude"
Directory: /home/twobraincellz/Solar-Car/training-release/minisim/build/Aerobody
"VelocityVector Utilities: get_magnitude" start time: Sep 22 12:13 EDT
Output:
----------------------------------------------------------
Filters: "VelocityVector Utilities: get_magnitude"
Randomness seeded to: 3889767667
===============================================================================
All tests passed (55 assertions in 1 test case)

<end of output>
Test time =   0.01 sec
----------------------------------------------------------
Test Passed.
"VelocityVector Utilities: get_magnitude" end time: Sep 22 12:13 EDT
"VelocityVector Utilities: get_magnitude" time elapsed: 00:00:00
----------------------------------------------------------

4/7 Testing: VelocityVector Utilities: get_heading
4/7 Test: VelocityVector Utilities: get_heading
Command: "/home/twobraincellz/Solar-Car/training-release/minisim/build/Aerobody/aerobody_tests" "VelocityVector Utilities: get_heading"
Directory: /home/twobraincellz/Solar-Car/training-release/minisim/build/Aerobody
"VelocityVector Utilities: get_heading" start time: Sep 22 12:13 EDT
Output:
----------------------------------------------------------
Filters: "VelocityVector Utilities: get_heading"
Randomness seeded to: 1188644462
3.14159
3.14159
3.14159
3.14159
3.14159
3.14159
3.14159
3.14159
3.14159
3.14159
3.14159
3.14159
3.14159
3.14159
3.14159
3.14159
3.14159
3.14159
3.14159
3.14159
3.14159
3.14159
3.14159
3.14159
3.14159
3.14159
3.14159
3.14159
3.14159
3.14159
3.14159
3.14159
3.14159
3.14159
3.14159
3.14159
3.14159
3.14159
3.14159
3.14159
3.14159
3.14159
3.14159
3.14159
3.14159
3.14159
3.14159
3.14159
3.14159
3.14159
===============================================================================
All tests passed (50 assertions in 1 test case)

<end of output>
Test time =   0.01 sec
----------------------------------------------------------
Test Passed.
"VelocityVector Utilities: get_heading" end time: Sep 22 12:13 EDT
"VelocityVector Utilities: get_heading" time elapsed: 00:00:00
----------------------------------------------------------

5/7 Testing: VelocityVector Utilities: angle_between
5/7 Test: VelocityVector Utilities: angle_between
Command: "/home/twobraincellz/Solar-Car/training-release/minisim/build/Aerobody/aerobody_tests" "VelocityVector Utilities: angle_between"
Directory: /home/twobraincellz/Solar-Car/training-release/minisim/build/Aerobody
"VelocityVector Utilities: angle_between" start time: Sep 22 12:13 EDT
Output:
----------------------------------------------------------
Filters: "VelocityVector Utilities: angle_between"
Randomness seeded to: 447947988
===============================================================================
All tests passed (108 assertions in 1 test case)

<end of output>
Test time =   0.01 sec
----------------------------------------------------------
Test Passed.
"VelocityVector Utilities: angle_between" end time: Sep 22 12:13 EDT
"VelocityVector Utilities: angle_between" time elapsed: 00:00:00
----------------------------------------------------------

6/7 Testing: Aerobody: get_wind
6/7 Test: Aerobody: get_wind
Command: "/home/twobraincellz/Solar-Car/training-release/minisim/build/Aerobody/aerobody_tests" "Aerobody: get_wind"
Directory: /home/twobraincellz/Solar-Car/training-release/minisim/build/Aerobody
"Aerobody: get_wind" start time: Sep 22 12:13 EDT
Output:
----------------------------------------------------------
Filters: "Aerobody: get_wind"
Randomness seeded to: 3961977919
===============================================================================
All tests passed (109 assertions in 1 test case)

<end of output>
Test time =   0.01 sec
----------------------------------------------------------
Test Passed.
"Aerobody: get_wind" end time: Sep 22 12:13 EDT
"Aerobody: get_wind" time elapsed: 00:00:00
----------------------------------------------------------

7/7 Testing: Aerobody: aerodynamic_drag
7/7 Test: Aerobody: aerodynamic_drag
Command: "/home/twobraincellz/Solar-Car/training-release/minisim/build/Aerobody/aerobody_tests" "Aerobody: aerodynamic_drag"
Directory: /home/twobraincellz/Solar-Car/training-release/minisim/build/Aerobody
"Aerobody: aerodynamic_drag" start time: Sep 22 12:13 EDT
Output:
----------------------------------------------------------
Filters: "Aerobody: aerodynamic_drag"
Randomness seeded to: 3905467686
===============================================================================
All tests passed (104 assertions in 1 test case)

<end of output>
Test time =   0.01 sec
----------------------------------------------------------
Test Passed.
"Aerobody: aerodynamic_drag" end time: Sep 22 12:13 EDT
"Aerobody: aerodynamic_drag" time elapsed: 00:00:00
----------------------------------------------------------

End testing: Sep 22 12:13 EDT
